2025-12-19 10:54:44,067 - ERROR - ❌ Neo4j连接失败：[Database.DatabaseNotFound] Unable to get a routing table for database 'doctorss' because this database does not exist
2025-12-19 10:54:44,067 - ERROR - 程序执行失败：[Database.DatabaseNotFound] Unable to get a routing table for database 'doctorss' because this database does not exist
2025-12-19 10:55:07,123 - INFO - ✅ Neo4j连接成功！数据库：doctors，Neo4j版本：Neo4j Kernel 5.26.18
2025-12-19 10:55:07,123 - INFO - 开始执行Neo4j数据导入...
2025-12-19 10:55:07,123 - INFO - 开始测试编码处理...
2025-12-19 10:55:07,311 - INFO - ✅ 编码测试成功！
2025-12-19 10:55:07,312 - INFO - 测试数据：{'name': '测试疾病', 'desc': '这是一个编码测试，包含中文字符：肺炎、咳嗽、发热等症状。'}
2025-12-19 10:55:07,322 - INFO - ✅ 中文字符显示正确！
2025-12-19 10:55:07,611 - INFO - 测试数据已清理
2025-12-19 10:55:07,611 - INFO - 开始创建节点...
2025-12-19 10:55:07,611 - INFO - 正在导入Category节点...
2025-12-19 10:55:07,612 - INFO - 成功以gbk编码读取文件：Category.csv
2025-12-19 10:55:10,079 - INFO - ✅ Category节点导入完成，共导入55个节点
2025-12-19 10:55:10,080 - INFO - 正在导入Check节点...
2025-12-19 10:55:10,082 - INFO - 成功以gbk编码读取文件：Check.csv
2025-12-19 10:56:09,583 - INFO - ✅ Neo4j连接成功！数据库：doctors，Neo4j版本：Neo4j Kernel 5.26.18
2025-12-19 10:56:09,583 - INFO - 开始执行Neo4j数据导入...
2025-12-19 10:56:09,583 - INFO - 开始测试编码处理...
2025-12-19 10:56:09,637 - INFO - ✅ 编码测试成功！
2025-12-19 10:56:09,637 - INFO - 测试数据：{'name': '测试疾病', 'desc': '这是一个编码测试，包含中文字符：肺炎、咳嗽、发热等症状。'}
2025-12-19 10:56:09,637 - INFO - ✅ 中文字符显示正确！
2025-12-19 10:56:09,673 - INFO - 测试数据已清理
2025-12-19 10:56:09,674 - WARNING - 正在清空数据库...
2025-12-19 10:59:54,225 - INFO - ✅ Neo4j连接成功！数据库：doctorss，Neo4j版本：Neo4j Kernel 5.26.18
2025-12-19 10:59:54,225 - INFO - 开始执行Neo4j数据导入...
2025-12-19 10:59:54,225 - INFO - 开始测试编码处理...
2025-12-19 10:59:55,184 - INFO - ✅ 编码测试成功！
2025-12-19 10:59:55,184 - INFO - 测试数据：{'name': '测试疾病', 'desc': '这是一个编码测试，包含中文字符：肺炎、咳嗽、发热等症状。'}
2025-12-19 10:59:55,184 - INFO - ✅ 中文字符显示正确！
2025-12-19 10:59:55,347 - INFO - 测试数据已清理
2025-12-19 10:59:55,347 - WARNING - 正在清空数据库...
2025-12-19 10:59:55,375 - INFO - ✅ 数据库已清空
2025-12-19 10:59:55,376 - INFO - 开始创建节点...
2025-12-19 10:59:55,376 - INFO - 正在导入Category节点...
2025-12-19 10:59:55,376 - INFO - 成功以gbk编码读取文件：Category.csv
2025-12-19 10:59:58,308 - INFO - ✅ Category节点导入完成，共导入55个节点
2025-12-19 10:59:58,309 - INFO - 正在导入Check节点...
2025-12-19 10:59:58,310 - INFO - 成功以gbk编码读取文件：Check.csv
2025-12-19 11:02:44,376 - INFO - ✅ Check节点导入完成，共导入3353个节点
2025-12-19 11:02:44,377 - INFO - 正在导入Cureway节点...
2025-12-19 11:02:44,404 - INFO - 成功以gbk编码读取文件：Cureway.csv
2025-12-19 11:03:11,307 - INFO - ✅ Cureway节点导入完成，共导入544个节点
2025-12-19 11:03:11,308 - INFO - 正在导入Department节点...
2025-12-19 11:03:11,308 - INFO - 成功以gbk编码读取文件：Department.csv
2025-12-19 11:03:14,141 - INFO - ✅ Department节点导入完成，共导入54个节点
2025-12-19 11:03:14,142 - INFO - 正在导入Disease节点...
2025-12-19 11:03:14,749 - INFO - 成功以gbk编码读取文件：Disease.csv
2025-12-19 11:10:35,973 - INFO - ✅ Disease节点导入完成，共导入8808个节点
2025-12-19 11:10:35,973 - INFO - 正在导入Dishes节点...
2025-12-19 11:10:35,997 - INFO - 成功以gbk编码读取文件：Dishes.csv
2025-12-19 11:14:03,400 - INFO - ✅ Dishes节点导入完成，共导入4506个节点
2025-12-19 11:14:03,401 - INFO - 正在导入Drug节点...
2025-12-19 11:14:03,428 - INFO - 成功以gbk编码读取文件：Drug.csv
2025-12-19 11:17:20,483 - INFO - ✅ Drug节点导入完成，共导入3828个节点
2025-12-19 11:17:20,484 - INFO - 正在导入Food节点...
2025-12-19 11:17:20,495 - INFO - 成功以gbk编码读取文件：Food.csv
2025-12-19 11:17:37,717 - INFO - ✅ Food节点导入完成，共导入366个节点
2025-12-19 11:17:37,718 - INFO - 正在导入Symptom节点...
2025-12-19 11:17:37,732 - INFO - 成功以gbk编码读取文件：Symptom.csv
2025-12-19 11:22:37,204 - INFO - ✅ Symptom节点导入完成，共导入5998个节点
2025-12-19 11:22:37,205 - INFO - 开始创建索引...
2025-12-19 11:22:37,570 - INFO - ✅ 为Category创建name属性索引成功
2025-12-19 11:22:37,619 - INFO - ✅ 为Check创建name属性索引成功
2025-12-19 11:22:37,719 - INFO - ✅ 为Cureway创建name属性索引成功
2025-12-19 11:22:37,784 - INFO - ✅ 为Department创建name属性索引成功
2025-12-19 11:22:37,849 - INFO - ✅ 为Disease创建name属性索引成功
2025-12-19 11:22:37,905 - INFO - ✅ 为Dishes创建name属性索引成功
2025-12-19 11:22:38,011 - INFO - ✅ 为Drug创建name属性索引成功
2025-12-19 11:22:38,139 - INFO - ✅ 为Food创建name属性索引成功
2025-12-19 11:22:38,204 - INFO - ✅ 为Symptom创建name属性索引成功
2025-12-19 11:22:38,205 - INFO - 开始创建关系...
2025-12-19 11:22:38,205 - INFO - 正在导入DISEASE_ACOMPANY关系...
2025-12-19 11:22:38,276 - INFO - 成功以gbk编码读取文件：DISEASE_ACOMPANY.csv
2025-12-19 11:32:31,189 - INFO - ✅ DISEASE_ACOMPANY关系导入完成，共导入12024个关系
2025-12-19 11:32:31,190 - INFO - 正在导入DISEASE_CATEGORY关系...
2025-12-19 11:32:31,232 - INFO - 成功以gbk编码读取文件：DISEASE_CATEGORY.csv
2025-12-19 11:53:31,420 - INFO - ✅ DISEASE_CATEGORY关系导入完成，共导入25587个关系
2025-12-19 11:53:31,421 - INFO - 正在导入DISEASE_CHECK关系...
2025-12-19 11:53:31,510 - INFO - 成功以gbk编码读取文件：DISEASE_CHECK.csv
2025-12-19 12:26:08,912 - INFO - ✅ DISEASE_CHECK关系导入完成，共导入39418个关系
2025-12-19 12:26:08,912 - INFO - 正在导入DISEASE_CUREWAY关系...
2025-12-19 12:26:08,996 - INFO - 成功以gbk编码读取文件：DISEASE_CUREWAY.csv
2025-12-19 12:43:32,963 - INFO - ✅ DISEASE_CUREWAY关系导入完成，共导入21047个关系
2025-12-19 12:43:32,964 - INFO - 正在导入DISEASE_DEPARTMENT关系...
2025-12-19 12:43:33,036 - INFO - 成功以gbk编码读取文件：DISEASE_DEPARTMENT.csv
2025-12-19 12:57:31,615 - INFO - ✅ DISEASE_DEPARTMENT关系导入完成，共导入16781个关系
2025-12-19 12:57:31,616 - INFO - 正在导入DISEASE_DISHES关系...
2025-12-19 12:57:31,702 - INFO - 成功以gbk编码读取文件：DISEASE_DISHES.csv
2025-12-19 13:31:30,254 - INFO - ✅ DISEASE_DISHES关系导入完成，共导入40221个关系
2025-12-19 13:31:30,280 - INFO - 正在导入DISEASE_DO_EAT关系...
2025-12-19 13:31:30,347 - INFO - 成功以gbk编码读取文件：DISEASE_DO_EAT.csv
2025-12-19 13:48:59,969 - INFO - ✅ DISEASE_DO_EAT关系导入完成，共导入22230个关系
2025-12-19 13:48:59,990 - INFO - 正在导入DISEASE_DRUG关系...
2025-12-19 13:49:00,115 - INFO - 成功以gbk编码读取文件：DISEASE_DRUG.csv
2025-12-19 14:37:39,590 - INFO - ✅ DISEASE_DRUG关系导入完成，共导入59736个关系
2025-12-19 14:37:39,591 - INFO - 正在导入DISEASE_NOT_EAT关系...
2025-12-19 14:37:39,671 - INFO - 成功以gbk编码读取文件：DISEASE_NOT_EAT.csv
2025-12-19 14:56:12,353 - INFO - ✅ DISEASE_NOT_EAT关系导入完成，共导入22239个关系
2025-12-19 14:56:12,386 - INFO - 正在导入DISEASE_SYMPTOM关系...
2025-12-19 14:56:12,493 - INFO - 成功以gbk编码读取文件：DISEASE_SYMPTOM.csv
2025-12-19 15:40:22,242 - INFO - ✅ DISEASE_SYMPTOM关系导入完成，共导入54710个关系
2025-12-19 15:40:22,243 - INFO - ✅ 数据导入完成！
